{"name": "Добавление книги в корзину", "status": "failed", "statusDetails": {"message": "AssertionError: assert 404 == 200\n +  where 404 = <Response [404]>.status_code", "trace": "@allure.suite(\"API Лабиринт\")\n    @allure.title(\"Добавление книги в корзину\")\n    @pytest.mark.api\n    def test_add_to_cart():\n        with allure.step(f\"POST запрос на добавление книги {BOOK_ID} в корзину\"):\n            response = requests.post(\n                f\"{BASE_URL}/cart/add/\",\n                headers=HEADERS,\n                json={\"bookId\": BOOK_ID, \"quantity\": 1}\n            )\n        with allure.step(\"Проверяем статус код\"):\n>           assert response.status_code == 200\nE           assert 404 == 200\nE            +  where 404 = <Response [404]>.status_code\n\nqa/tests/test_api.py:56: AssertionError"}, "steps": [{"name": "POST запрос на добавление книги 918221 в корзину", "status": "passed", "start": 1764256251287, "stop": 1764256252402}, {"name": "Проверяем статус код", "status": "failed", "statusDetails": {"message": "AssertionError: assert 404 == 200\n +  where 404 = <Response [404]>.status_code\n", "trace": "  File \"/Users/zuhraazizova1gmail.com/qa_automation_chitai_gorod/qa/tests/test_api.py\", line 56, in test_add_to_cart\n    assert response.status_code == 200\n"}, "start": 1764256252402, "stop": 1764256252403}], "start": 1764256251287, "stop": 1764256252403, "uuid": "d32e21fe-eb76-4239-8c03-91a824ab0489", "historyId": "9788dd9a182decafaa659ae3f2a4d32d", "testCaseId": "9788dd9a182decafaa659ae3f2a4d32d", "fullName": "qa.tests.test_api#test_add_to_cart", "labels": [{"name": "suite", "value": "API Лабиринт"}, {"name": "tag", "value": "api"}, {"name": "parentSuite", "value": "qa.tests"}, {"name": "host", "value": "MacBook-Pro-zuhra.local"}, {"name": "thread", "value": "6073-MainThread"}, {"name": "framework", "value": "pytest"}, {"name": "language", "value": "cpython3"}, {"name": "package", "value": "qa.tests.test_api"}], "titlePath": ["qa", "tests", "test_api.py"]}