{"name": "Удаление книги из корзины", "status": "failed", "statusDetails": {"message": "AssertionError: assert 404 == 200\n +  where 404 = <Response [404]>.status_code", "trace": "@allure.suite(\"API Лабиринт\")\n    @allure.title(\"Удаление книги из корзины\")\n    @pytest.mark.api\n    def test_remove_from_cart():\n        with allure.step(f\"DELETE запрос на удаление книги {BOOK_ID} из корзины\"):\n            response = requests.delete(f\"{BASE_URL}/cart/remove/{BOOK_ID}/\", headers=HEADERS)\n        with allure.step(\"Проверяем статус код\"):\n>           assert response.status_code == 200\nE           assert 404 == 200\nE            +  where 404 = <Response [404]>.status_code\n\nqa/tests/test_api.py:66: AssertionError"}, "steps": [{"name": "DELETE запрос на удаление книги 918221 из корзины", "status": "passed", "start": 1764256915335, "stop": 1764256916191}, {"name": "Проверяем статус код", "status": "failed", "statusDetails": {"message": "AssertionError: assert 404 == 200\n +  where 404 = <Response [404]>.status_code\n", "trace": "  File \"/Users/zuhraazizova1gmail.com/qa_automation_chitai_gorod/qa/tests/test_api.py\", line 66, in test_remove_from_cart\n    assert response.status_code == 200\n"}, "start": 1764256916191, "stop": 1764256916191}], "start": 1764256915334, "stop": 1764256916192, "uuid": "2f2e5fbe-b7c5-4f8b-b75c-5b8a2e2e38fe", "historyId": "3a0aef674dba59178e4fab8260a4f78a", "testCaseId": "3a0aef674dba59178e4fab8260a4f78a", "fullName": "qa.tests.test_api#test_remove_from_cart", "labels": [{"name": "suite", "value": "API Лабиринт"}, {"name": "tag", "value": "api"}, {"name": "parentSuite", "value": "qa.tests"}, {"name": "host", "value": "MacBook-Pro-zuhra.local"}, {"name": "thread", "value": "6579-MainThread"}, {"name": "framework", "value": "pytest"}, {"name": "language", "value": "cpython3"}, {"name": "package", "value": "qa.tests.test_api"}], "titlePath": ["qa", "tests", "test_api.py"]}